0 info it worked if it ends with ok
1 verbose cli [ '/Users/REXB/.nvm/versions/node/v6.6.0/bin/node',
1 verbose cli   '/Users/REXB/.nvm/versions/node/v6.6.0/bin/npm',
1 verbose cli   'install' ]
2 info using npm@3.10.3
3 info using node@v6.6.0
4 silly loadCurrentTree Starting
5 silly install loadCurrentTree
6 silly install readLocalPackageData
7 silly install normalizeTree
8 silly loadCurrentTree Finishing
9 silly loadIdealTree Starting
10 silly install loadIdealTree
11 silly cloneCurrentTree Starting
12 silly install cloneCurrentTreeToIdealTree
13 silly cloneCurrentTree Finishing
14 silly loadShrinkwrap Starting
15 silly install loadShrinkwrap
16 silly loadShrinkwrap Finishing
17 silly loadAllDepsIntoIdealTree Starting
18 silly install loadAllDepsIntoIdealTree
19 silly fetchNamedPackageData node
20 silly mapToRegistry name node
21 silly mapToRegistry using default registry
22 silly mapToRegistry registry https://registry.npmjs.org/
23 silly mapToRegistry data Result {
23 silly mapToRegistry   raw: 'node',
23 silly mapToRegistry   scope: null,
23 silly mapToRegistry   escapedName: 'node',
23 silly mapToRegistry   name: 'node',
23 silly mapToRegistry   rawSpec: '',
23 silly mapToRegistry   spec: 'latest',
23 silly mapToRegistry   type: 'tag' }
24 silly mapToRegistry uri https://registry.npmjs.org/node
25 verbose request uri https://registry.npmjs.org/node
26 verbose request no auth needed
27 info attempt registry request try #1 at 2:49:25 PM
28 verbose request id 2ce023d55fd79a13
29 verbose etag W/"561c5238-43d"
30 verbose lastModified Tue, 13 Oct 2015 00:37:12 GMT
31 http request GET https://registry.npmjs.org/node
32 http 304 https://registry.npmjs.org/node
33 verbose headers { date: 'Wed, 14 Dec 2016 03:49:26 GMT',
33 verbose headers   via: '1.1 varnish',
33 verbose headers   'cache-control': 'max-age=300',
33 verbose headers   etag: 'W/"561c5238-43d"',
33 verbose headers   age: '58',
33 verbose headers   connection: 'keep-alive',
33 verbose headers   'x-served-by': 'cache-syd1627-SYD',
33 verbose headers   'x-cache': 'HIT',
33 verbose headers   'x-cache-hits': '4',
33 verbose headers   'x-timer': 'S1481687366.192286,VS0,VE0',
33 verbose headers   vary: 'Accept-Encoding' }
34 silly get cb [ 304,
34 silly get   { date: 'Wed, 14 Dec 2016 03:49:26 GMT',
34 silly get     via: '1.1 varnish',
34 silly get     'cache-control': 'max-age=300',
34 silly get     etag: 'W/"561c5238-43d"',
34 silly get     age: '58',
34 silly get     connection: 'keep-alive',
34 silly get     'x-served-by': 'cache-syd1627-SYD',
34 silly get     'x-cache': 'HIT',
34 silly get     'x-cache-hits': '4',
34 silly get     'x-timer': 'S1481687366.192286,VS0,VE0',
34 silly get     vary: 'Accept-Encoding' } ]
35 verbose etag https://registry.npmjs.org/node from cache
36 verbose get saving node to /Users/REXB/.npm/registry.npmjs.org/node/.cache.json
37 verbose correctMkdir /Users/REXB/.npm correctMkdir not in flight; initializing
38 silly fetchNamedPackageData No valid target from cache, forcing network
39 verbose request uri https://registry.npmjs.org/node
40 verbose request no auth needed
41 info attempt registry request try #1 at 2:49:25 PM
42 http request GET https://registry.npmjs.org/node
43 http 200 https://registry.npmjs.org/node
44 verbose headers { server: 'nginx/1.10.1',
44 verbose headers   'content-type': 'application/json',
44 verbose headers   'last-modified': 'Tue, 13 Oct 2015 00:37:12 GMT',
44 verbose headers   etag: 'W/"561c5238-43d"',
44 verbose headers   'content-encoding': 'gzip',
44 verbose headers   'cache-control': 'max-age=300',
44 verbose headers   'content-length': '550',
44 verbose headers   'accept-ranges': 'bytes',
44 verbose headers   date: 'Wed, 14 Dec 2016 03:49:26 GMT',
44 verbose headers   via: '1.1 varnish',
44 verbose headers   age: '58',
44 verbose headers   connection: 'keep-alive',
44 verbose headers   'x-served-by': 'cache-syd1627-SYD',
44 verbose headers   'x-cache': 'HIT',
44 verbose headers   'x-cache-hits': '5',
44 verbose headers   'x-timer': 'S1481687366.223564,VS0,VE0',
44 verbose headers   vary: 'Accept-Encoding' }
45 silly get cb [ 200,
45 silly get   { server: 'nginx/1.10.1',
45 silly get     'content-type': 'application/json',
45 silly get     'last-modified': 'Tue, 13 Oct 2015 00:37:12 GMT',
45 silly get     etag: 'W/"561c5238-43d"',
45 silly get     'content-encoding': 'gzip',
45 silly get     'cache-control': 'max-age=300',
45 silly get     'content-length': '550',
45 silly get     'accept-ranges': 'bytes',
45 silly get     date: 'Wed, 14 Dec 2016 03:49:26 GMT',
45 silly get     via: '1.1 varnish',
45 silly get     age: '58',
45 silly get     connection: 'keep-alive',
45 silly get     'x-served-by': 'cache-syd1627-SYD',
45 silly get     'x-cache': 'HIT',
45 silly get     'x-cache-hits': '5',
45 silly get     'x-timer': 'S1481687366.223564,VS0,VE0',
45 silly get     vary: 'Accept-Encoding' } ]
46 verbose get saving node to /Users/REXB/.npm/registry.npmjs.org/node/.cache.json
47 verbose correctMkdir /Users/REXB/.npm correctMkdir not in flight; initializing
48 silly fetchPackageMetaData Error: No compatible version found: node@^6.6.0
48 silly fetchPackageMetaData Valid install targets:
48 silly fetchPackageMetaData 0.0.0
48 silly fetchPackageMetaData
48 silly fetchPackageMetaData     at pickVersionFromRegistryDocument (/Users/REXB/.nvm/versions/node/v6.6.0/lib/node_modules/npm/lib/fetch-package-metadata.js:170:16)
48 silly fetchPackageMetaData     at /Users/REXB/.nvm/versions/node/v6.6.0/lib/node_modules/npm/node_modules/iferr/index.js:13:50
48 silly fetchPackageMetaData     at /Users/REXB/.nvm/versions/node/v6.6.0/lib/node_modules/npm/lib/utils/pulse-till-done.js:20:8
48 silly fetchPackageMetaData     at saved (/Users/REXB/.nvm/versions/node/v6.6.0/lib/node_modules/npm/lib/cache/caching-client.js:174:7)
48 silly fetchPackageMetaData     at /Users/REXB/.nvm/versions/node/v6.6.0/lib/node_modules/npm/node_modules/graceful-fs/polyfills.js:210:7
48 silly fetchPackageMetaData     at FSReqWrap.oncomplete (fs.js:123:15)
48 silly fetchPackageMetaData  error for node@^6.6.0 Error: No compatible version found: node@^6.6.0
48 silly fetchPackageMetaData Valid install targets:
48 silly fetchPackageMetaData 0.0.0
48 silly fetchPackageMetaData
48 silly fetchPackageMetaData     at pickVersionFromRegistryDocument (/Users/REXB/.nvm/versions/node/v6.6.0/lib/node_modules/npm/lib/fetch-package-metadata.js:170:16)
48 silly fetchPackageMetaData     at /Users/REXB/.nvm/versions/node/v6.6.0/lib/node_modules/npm/node_modules/iferr/index.js:13:50
48 silly fetchPackageMetaData     at /Users/REXB/.nvm/versions/node/v6.6.0/lib/node_modules/npm/lib/utils/pulse-till-done.js:20:8
48 silly fetchPackageMetaData     at saved (/Users/REXB/.nvm/versions/node/v6.6.0/lib/node_modules/npm/lib/cache/caching-client.js:174:7)
48 silly fetchPackageMetaData     at /Users/REXB/.nvm/versions/node/v6.6.0/lib/node_modules/npm/node_modules/graceful-fs/polyfills.js:210:7
48 silly fetchPackageMetaData     at FSReqWrap.oncomplete (fs.js:123:15)
49 silly rollbackFailedOptional Starting
50 silly rollbackFailedOptional Finishing
51 silly runTopLevelLifecycles Starting
52 silly runTopLevelLifecycles Finishing
53 silly install printInstalled
54 verbose stack Error: No compatible version found: node@^6.6.0
54 verbose stack Valid install targets:
54 verbose stack 0.0.0
54 verbose stack
54 verbose stack     at pickVersionFromRegistryDocument (/Users/REXB/.nvm/versions/node/v6.6.0/lib/node_modules/npm/lib/fetch-package-metadata.js:170:16)
54 verbose stack     at /Users/REXB/.nvm/versions/node/v6.6.0/lib/node_modules/npm/node_modules/iferr/index.js:13:50
54 verbose stack     at /Users/REXB/.nvm/versions/node/v6.6.0/lib/node_modules/npm/lib/utils/pulse-till-done.js:20:8
54 verbose stack     at saved (/Users/REXB/.nvm/versions/node/v6.6.0/lib/node_modules/npm/lib/cache/caching-client.js:174:7)
54 verbose stack     at /Users/REXB/.nvm/versions/node/v6.6.0/lib/node_modules/npm/node_modules/graceful-fs/polyfills.js:210:7
54 verbose stack     at FSReqWrap.oncomplete (fs.js:123:15)
55 verbose cwd /Users/REXB/ga_wdi/projects/project5
56 error Darwin 14.5.0
57 error argv "/Users/REXB/.nvm/versions/node/v6.6.0/bin/node" "/Users/REXB/.nvm/versions/node/v6.6.0/bin/npm" "install"
58 error node v6.6.0
59 error npm  v3.10.3
60 error No compatible version found: node@^6.6.0
60 error Valid install targets:
60 error 0.0.0
61 error If you need help, you may report this error at:
61 error     <https://github.com/npm/npm/issues>
62 verbose exit [ 1, true ]
